2022-07-19 11:15:01,088 - __main__ - INFO - Token value: Token not available!
2022-07-19 11:15:01,760 - __main__ - INFO - Weather in Berlin: 30.32
2022-07-19 10:09:58,525 - __main__ - INFO - Token value: 1234
2022-07-19 10:09:58,949 - __main__ - INFO - Weather in Berlin: 32.56
2022-07-19 12:17:50,405 - __main__ - INFO - Token value: 1234
2022-07-19 12:17:50,875 - __main__ - INFO - Weather in Berlin: 33.66
2022-07-19 14:09:00,868 - __main__ - INFO - Token value: 1234
2022-07-19 14:09:01,435 - __main__ - INFO - Weather in Berlin: 34.86
2022-07-19 16:12:16,906 - __main__ - INFO - Token value: 1234
2022-07-19 16:12:17,306 - __main__ - INFO - Weather in Berlin: 34.28
2022-07-19 18:10:53,682 - __main__ - INFO - Token value: 1234
2022-07-19 18:10:53,844 - __main__ - INFO - Weather in Berlin: 31.9
2022-07-19 20:09:35,027 - __main__ - INFO - Token value: 1234
2022-07-19 20:09:35,139 - __main__ - INFO - Weather in Berlin: 27.52
2022-07-19 22:09:04,334 - __main__ - INFO - Token value: 1234
2022-07-19 22:09:04,912 - __main__ - INFO - Weather in Berlin: 25.4
2022-07-20 00:46:12,649 - __main__ - INFO - Token value: 1234
2022-07-20 00:46:13,296 - __main__ - INFO - Weather in Berlin: 24.18
2022-07-20 03:36:18,748 - __main__ - INFO - Token value: 1234
2022-07-20 03:36:18,916 - __main__ - INFO - Weather in Berlin: 22.12
2022-07-20 04:30:43,477 - __main__ - INFO - Token value: 1234
2022-07-20 04:30:43,776 - __main__ - INFO - Weather in Berlin: 21.64
2022-07-20 06:11:40,340 - __main__ - INFO - Token value: 1234
2022-07-20 06:11:41,194 - __main__ - INFO - Weather in Berlin: 24.95
2022-07-20 08:12:25,109 - __main__ - INFO - Token value: 1234
2022-07-20 08:12:25,397 - __main__ - INFO - Weather in Berlin: 30.85
2022-07-20 10:09:27,874 - __main__ - INFO - Token value: 1234
2022-07-20 10:09:28,041 - __main__ - INFO - Weather in Berlin: 35.42
2022-07-20 12:16:14,801 - __main__ - INFO - Token value: 1234
2022-07-20 12:16:15,447 - __main__ - INFO - Weather in Berlin: 36.64
2022-07-20 14:10:42,143 - __main__ - INFO - Token value: 1234
2022-07-20 14:10:42,285 - __main__ - INFO - Weather in Berlin: 37.34
2022-07-20 16:11:32,101 - __main__ - INFO - Token value: 1234
2022-07-20 16:11:32,270 - __main__ - INFO - Weather in Berlin: 36.32
2022-07-20 18:11:08,871 - __main__ - INFO - Token value: 1234
2022-07-20 18:11:09,450 - __main__ - INFO - Weather in Berlin: 35.75
2022-07-20 20:10:07,208 - __main__ - INFO - Token value: 1234
2022-07-20 20:10:07,807 - __main__ - INFO - Weather in Berlin: 29.16
2022-07-20 22:08:32,880 - __main__ - INFO - Token value: 1234
2022-07-20 22:08:33,309 - __main__ - INFO - Weather in Berlin: 27.72
2022-07-21 00:51:04,670 - __main__ - INFO - Token value: 1234
2022-07-21 00:51:04,945 - __main__ - INFO - Weather in Berlin: 25.62
2022-07-21 03:32:21,183 - __main__ - INFO - Token value: 1234
2022-07-21 03:32:21,622 - __main__ - INFO - Weather in Berlin: 24.17
2022-07-21 04:33:49,059 - __main__ - INFO - Token value: 1234
2022-07-21 04:33:49,712 - __main__ - INFO - Weather in Berlin: 23.8
2022-07-21 06:11:40,676 - __main__ - INFO - Token value: 1234
2022-07-21 06:11:41,078 - __main__ - INFO - Weather in Berlin: 24.1
2022-07-21 08:11:51,774 - __main__ - INFO - Token value: 1234
2022-07-21 08:11:51,925 - __main__ - INFO - Weather in Berlin: 26.61
2022-07-21 10:10:48,231 - __main__ - INFO - Token value: 1234
2022-07-21 10:10:48,658 - __main__ - INFO - Weather in Berlin: 29.39
2022-07-21 12:16:51,452 - __main__ - INFO - Token value: 1234
2022-07-21 12:16:52,210 - __main__ - INFO - Weather in Berlin: 29.02
2022-07-21 14:10:13,059 - __main__ - INFO - Token value: 1234
2022-07-21 14:10:13,760 - __main__ - INFO - Weather in Berlin: 24.62
2022-07-21 16:11:48,481 - __main__ - INFO - Token value: 1234
2022-07-21 16:11:49,254 - __main__ - INFO - Weather in Berlin: 24.51
2022-07-21 18:11:19,590 - __main__ - INFO - Token value: 1234
2022-07-21 18:11:19,965 - __main__ - INFO - Weather in Berlin: 25.79
2022-07-21 20:10:30,244 - __main__ - INFO - Token value: 1234
2022-07-21 20:10:30,328 - __main__ - INFO - Weather in Berlin: 22.77
2022-07-25 00:44:39,700 - __main__ - INFO - Token value: 1234
2022-07-25 00:44:40,082 - __main__ - INFO - Weather in Berlin: 19.9
2022-08-01 00:54:12,206 - __main__ - INFO - Token value: 1234
2022-08-01 00:54:12,694 - __main__ - INFO - Weather in Berlin: 20.23
2022-08-08 00:40:42,506 - __main__ - INFO - Token value: 1234
2022-08-08 00:40:42,610 - __main__ - INFO - Weather in Berlin: 16.92
2022-08-15 00:44:48,218 - __main__ - INFO - Token value: 1234
2022-08-15 00:44:48,828 - __main__ - INFO - Weather in Berlin: 22.05
2022-08-22 00:46:22,483 - __main__ - INFO - Token value: 1234
2022-08-22 00:46:22,604 - __main__ - INFO - Weather in Berlin: 16.54
2022-08-29 00:51:03,885 - __main__ - INFO - Token value: 1234
2022-08-29 00:51:04,463 - __main__ - INFO - Weather in Berlin: 13.61
2022-09-05 00:54:44,539 - __main__ - INFO - Token value: 1234
2022-09-05 00:54:45,065 - __main__ - INFO - Weather in Berlin: 15.8
2022-09-12 00:48:56,255 - __main__ - INFO - Token value: 1234
2022-09-12 00:48:56,362 - __main__ - INFO - Weather in Berlin: 12.68
2022-09-19 00:51:28,986 - __main__ - INFO - Token value: 1234
2022-09-19 00:51:29,073 - __main__ - INFO - Weather in Berlin: 8.79
2022-09-26 00:54:36,285 - __main__ - INFO - Token value: 1234
2022-09-26 00:54:36,670 - __main__ - INFO - Weather in Berlin: 11.75
2022-10-03 00:53:53,511 - __main__ - INFO - Token value: 1234
2022-10-03 00:53:54,115 - __main__ - INFO - Weather in Berlin: 11.07
2022-10-10 00:59:22,592 - __main__ - INFO - Token value: 1234
2022-10-10 00:59:22,684 - __main__ - INFO - Weather in Berlin: 7.73
2022-10-17 01:03:34,041 - __main__ - INFO - Token value: 1234
2022-10-17 01:03:34,808 - __main__ - INFO - Weather in Berlin: 13.02
2022-10-24 01:05:23,964 - __main__ - INFO - Token value: 1234
2022-10-24 01:05:24,197 - __main__ - INFO - Weather in Berlin: 13.27
2022-10-31 00:56:50,347 - __main__ - INFO - Token value: 1234
2022-10-31 00:56:50,781 - __main__ - INFO - Weather in Berlin: 13.45
2022-11-07 00:46:30,914 - __main__ - INFO - Token value: 1234
2022-11-07 00:46:31,482 - __main__ - INFO - Weather in Berlin: 6.9
2022-11-14 00:42:53,014 - __main__ - INFO - Token value: 1234
2022-11-14 00:42:53,136 - __main__ - INFO - Weather in Berlin: 6.58
2022-11-21 00:44:54,383 - __main__ - INFO - Token value: 1234
2022-11-21 00:44:54,891 - __main__ - INFO - Weather in Berlin: -1.89
2022-11-28 00:38:10,868 - __main__ - INFO - Token value: 1234
2022-11-28 00:38:10,962 - __main__ - INFO - Weather in Berlin: 4.03
2022-12-05 00:37:36,747 - __main__ - INFO - Token value: 1234
2022-12-05 00:37:37,346 - __main__ - INFO - Weather in Berlin: 2.48
2022-12-12 00:40:48,194 - __main__ - INFO - Token value: 1234
2022-12-12 00:40:48,347 - __main__ - INFO - Weather in Berlin: -1.51
2022-12-19 00:34:22,668 - __main__ - INFO - Token value: 1234
2022-12-19 00:34:23,349 - __main__ - INFO - Weather in Berlin: -4.73
2022-12-26 00:37:57,455 - __main__ - INFO - Token value: 1234
2022-12-26 00:37:58,555 - __main__ - INFO - Weather in Berlin: 8.58
2023-01-02 00:37:45,571 - __main__ - INFO - Token value: 1234
2023-01-02 00:37:46,198 - __main__ - INFO - Weather in Berlin: 11.86
2023-01-09 00:37:48,669 - __main__ - INFO - Token value: 1234
2023-01-09 00:37:49,006 - __main__ - INFO - Weather in Berlin: 5.01
2023-01-16 00:38:39,973 - __main__ - INFO - Token value: 1234
2023-01-16 00:38:40,358 - __main__ - INFO - Weather in Berlin: 4.9
2023-01-23 00:37:11,897 - __main__ - INFO - Token value: 1234
2023-01-23 00:37:12,431 - __main__ - INFO - Weather in Berlin: 1.65
2023-01-30 00:35:30,776 - __main__ - INFO - Token value: 1234
2023-01-30 00:35:31,351 - __main__ - INFO - Weather in Berlin: 1.63
2023-02-06 00:37:40,919 - __main__ - INFO - Token value: 1234
2023-02-06 00:37:41,397 - __main__ - INFO - Weather in Berlin: -2.01
2023-02-13 00:41:55,645 - __main__ - INFO - Token value: 1234
2023-02-13 00:41:56,334 - __main__ - INFO - Weather in Berlin: 7.16
2023-02-20 00:42:40,136 - __main__ - INFO - Token value: 1234
2023-02-20 00:42:40,714 - __main__ - INFO - Weather in Berlin: 2.39
2023-02-27 00:41:12,914 - __main__ - INFO - Token value: 1234
2023-02-27 00:41:13,506 - __main__ - INFO - Weather in Berlin: -1.34
2023-03-06 00:41:41,381 - __main__ - INFO - Token value: 1234
2023-03-06 00:41:41,518 - __main__ - INFO - Weather in Berlin: 0.94
2023-03-13 00:39:58,538 - __main__ - INFO - Token value: 1234
2023-03-13 00:39:58,984 - __main__ - INFO - Weather in Berlin: 5.94
2023-03-20 00:40:52,346 - __main__ - INFO - Token value: 1234
2023-03-20 00:40:52,864 - __main__ - INFO - Weather in Berlin: 10.36
2023-03-27 00:37:03,135 - __main__ - INFO - Token value: 1234
2023-03-27 00:37:03,579 - __main__ - INFO - Weather in Berlin: 4.49
2023-04-03 00:37:03,535 - __main__ - INFO - Token value: 1234
2023-04-03 00:37:03,887 - __main__ - INFO - Weather in Berlin: 1.06
2023-04-10 00:36:03,126 - __main__ - INFO - Token value: 1234
2023-04-10 00:36:03,601 - __main__ - INFO - Weather in Berlin: 6.65
2023-04-17 00:38:11,628 - __main__ - INFO - Token value: 1234
2023-04-17 00:38:11,958 - __main__ - INFO - Weather in Berlin: 7.47
2023-04-24 00:37:25,968 - __main__ - INFO - Token value: 1234
2023-04-24 00:37:26,548 - __main__ - INFO - Weather in Berlin: 11.24
2023-05-01 00:38:28,593 - __main__ - INFO - Token value: 1234
2023-05-01 00:38:29,237 - __main__ - INFO - Weather in Berlin: 4.74
2023-05-08 00:35:59,553 - __main__ - INFO - Token value: 1234
2023-05-08 00:36:00,012 - __main__ - INFO - Weather in Berlin: 8.12
2023-05-15 00:37:43,779 - __main__ - INFO - Token value: 1234
2023-05-15 00:37:44,323 - __main__ - INFO - Weather in Berlin: 13.01
2023-05-22 00:38:44,183 - __main__ - INFO - Token value: 1234
2023-05-22 00:38:44,825 - __main__ - INFO - Weather in Berlin: 18.93
2023-05-29 00:38:32,685 - __main__ - INFO - Token value: 1234
2023-05-29 00:38:33,317 - __main__ - INFO - Weather in Berlin: 13.49
2023-06-05 00:42:16,214 - __main__ - INFO - Token value: 1234
2023-06-05 00:42:16,354 - __main__ - INFO - Weather in Berlin: 12.54
2023-06-12 00:44:40,761 - __main__ - INFO - Token value: 1234
2023-06-12 00:44:41,287 - __main__ - INFO - Weather in Berlin: 17.95
2023-06-19 00:41:31,896 - __main__ - INFO - Token value: 1234
2023-06-19 00:41:32,077 - __main__ - INFO - Weather in Berlin: 17.46
2023-06-26 00:48:35,778 - __main__ - INFO - Token value: 1234
2023-06-26 00:48:35,965 - __main__ - INFO - Weather in Berlin: 19.96
2023-07-03 00:47:50,515 - __main__ - INFO - Token value: 1234
2023-07-03 00:47:51,503 - __main__ - INFO - Weather in Berlin: 14.82
2023-07-10 00:47:49,548 - __main__ - INFO - Token value: 1234
2023-07-10 00:47:50,169 - __main__ - INFO - Weather in Berlin: 21.4
2023-07-17 00:50:57,487 - __main__ - INFO - Token value: 1234
2023-07-17 00:50:58,057 - __main__ - INFO - Weather in Berlin: 17.68
2023-07-24 00:41:28,744 - __main__ - INFO - Token value: 1234
2023-07-24 00:41:29,341 - __main__ - INFO - Weather in Berlin: 19.18
2023-07-31 00:41:40,366 - __main__ - INFO - Token value: 1234
2023-07-31 00:41:40,950 - __main__ - INFO - Weather in Berlin: 15.06
2023-08-07 00:39:33,017 - __main__ - INFO - Token value: 1234
2023-08-07 00:39:33,591 - __main__ - INFO - Weather in Berlin: 14.24
2023-08-14 00:32:09,980 - __main__ - INFO - Token value: 1234
2023-08-14 00:32:10,569 - __main__ - INFO - Weather in Berlin: 19.18
2023-08-21 00:31:40,538 - __main__ - INFO - Token value: 1234
2023-08-21 00:31:41,217 - __main__ - INFO - Weather in Berlin: 20.29
2023-08-28 00:32:45,300 - __main__ - INFO - Token value: 1234
2023-08-28 00:32:45,759 - __main__ - INFO - Weather in Berlin: 15.49
2023-09-04 00:32:51,578 - __main__ - INFO - Token value: 1234
2023-09-04 00:32:51,721 - __main__ - INFO - Weather in Berlin: 13.88
2023-09-11 01:06:28,823 - __main__ - INFO - Token value: 
2023-09-11 01:06:29,396 - __main__ - INFO - Weather in Berlin: 19.79
2023-09-18 01:06:05,912 - __main__ - INFO - Token value: 
2023-09-18 01:06:06,505 - __main__ - INFO - Weather in Berlin: 18.77
2023-09-25 01:06:53,743 - __main__ - INFO - Token value: 
2023-09-25 01:06:54,130 - __main__ - INFO - Weather in Berlin: 11.69
2023-10-02 01:07:08,627 - __main__ - INFO - Token value: 
2023-10-02 01:07:09,137 - __main__ - INFO - Weather in Berlin: 16.2
2023-10-09 01:06:37,837 - __main__ - INFO - Token value: 
2023-10-09 01:06:38,022 - __main__ - INFO - Weather in Berlin: 10.35
2023-10-16 01:08:10,985 - __main__ - INFO - Token value: 
2023-10-16 01:08:11,790 - __main__ - INFO - Weather in Berlin: 5.82
2023-10-23 01:07:00,536 - __main__ - INFO - Token value: 
2023-10-23 01:07:00,741 - __main__ - INFO - Weather in Berlin: 11.05
2023-10-30 01:07:07,370 - __main__ - INFO - Token value: 
2023-10-30 01:07:07,773 - __main__ - INFO - Weather in Berlin: 12.28
2023-11-06 01:09:46,593 - __main__ - INFO - Token value: 
2023-11-06 01:09:47,253 - __main__ - INFO - Weather in Berlin: 10.71
2023-11-13 01:09:46,407 - __main__ - INFO - Token value: 
2023-11-13 01:09:46,906 - __main__ - INFO - Weather in Berlin: 6.21
2023-11-20 01:10:54,182 - __main__ - INFO - Token value: 
2023-11-20 01:10:54,447 - __main__ - INFO - Weather in Berlin: 9.47
2023-11-27 01:10:24,289 - __main__ - INFO - Token value: 
2023-11-27 01:10:24,760 - __main__ - INFO - Weather in Berlin: -0.92
2023-12-04 01:10:59,667 - __main__ - INFO - Token value: 
2023-12-04 01:11:00,145 - __main__ - INFO - Weather in Berlin: -5.01
2023-12-11 01:11:21,327 - __main__ - INFO - Token value: 
2023-12-11 01:11:21,945 - __main__ - INFO - Weather in Berlin: 5.86
2023-12-18 01:11:24,926 - __main__ - INFO - Token value: 
2023-12-18 01:11:25,574 - __main__ - INFO - Weather in Berlin: 5.87
2023-12-25 01:10:21,003 - __main__ - INFO - Token value: 
2023-12-25 01:10:22,204 - __main__ - INFO - Weather in Berlin: 9.48
2024-01-01 01:15:55,381 - __main__ - INFO - Token value: 
2024-01-01 01:15:56,224 - __main__ - INFO - Weather in Berlin: 6.05
2024-01-08 01:11:47,661 - __main__ - INFO - Token value: 
2024-01-08 01:11:48,233 - __main__ - INFO - Weather in Berlin: -7.18
2024-01-15 01:13:43,340 - __main__ - INFO - Token value: 
2024-01-15 01:13:44,453 - __main__ - INFO - Weather in Berlin: 1.74
2024-01-22 01:14:45,389 - __main__ - INFO - Token value: 
2024-01-22 01:14:45,754 - __main__ - INFO - Weather in Berlin: 2.89
2024-01-29 01:06:45,635 - __main__ - INFO - Token value: 
2024-01-29 01:06:45,982 - __main__ - INFO - Weather in Berlin: 1.69
2024-02-05 01:08:03,813 - __main__ - INFO - Token value: 
2024-02-12 01:06:17,230 - __main__ - INFO - Token value: 
2024-02-19 01:07:04,508 - __main__ - INFO - Token value: 
2024-02-26 01:07:30,454 - __main__ - INFO - Token value: 
2024-03-04 01:06:27,485 - __main__ - INFO - Token value: 
2024-03-11 01:06:43,305 - __main__ - INFO - Token value: 
2024-03-18 01:06:57,317 - __main__ - INFO - Token value: 
2024-03-25 01:08:12,271 - __main__ - INFO - Token value: 
2024-04-01 01:12:52,692 - __main__ - INFO - Token value: 
2024-04-08 01:08:51,089 - __main__ - INFO - Token value: 
2024-04-15 03:26:59,416 - __main__ - INFO - Token value: 
2024-04-22 01:10:12,383 - __main__ - INFO - Token value: 
2024-04-29 01:10:13,839 - __main__ - INFO - Token value: 
2024-05-06 01:10:57,577 - __main__ - INFO - Token value: 
2024-05-13 01:12:38,142 - __main__ - INFO - Token value: 
2024-05-20 01:11:49,551 - __main__ - INFO - Token value: 
2024-05-27 01:13:10,100 - __main__ - INFO - Token value: 
2024-06-03 01:14:09,993 - __main__ - INFO - Token value: 
2024-06-10 01:16:02,956 - __main__ - INFO - Token value: 
2024-06-17 01:16:43,779 - __main__ - INFO - Token value: 
2024-06-24 01:15:45,305 - __main__ - INFO - Token value: 
2024-07-01 01:22:52,782 - __main__ - INFO - Token value: 
2024-07-08 01:17:23,877 - __main__ - INFO - Token value: 
2024-07-15 01:18:39,595 - __main__ - INFO - Token value: 
2024-07-22 01:19:23,519 - __main__ - INFO - Token value: 
2024-07-29 01:19:19,749 - __main__ - INFO - Token value: 
2024-08-05 01:19:41,115 - __main__ - INFO - Token value: 
2024-08-12 01:20:35,864 - __main__ - INFO - Token value: 
2024-08-19 01:19:52,161 - __main__ - INFO - Token value: 
2024-08-26 01:19:47,847 - __main__ - INFO - Token value: 
2024-09-02 01:23:41,501 - __main__ - INFO - Token value: 
2024-09-09 01:24:50,499 - __main__ - INFO - Token value: 
2024-09-16 01:35:42,366 - __main__ - INFO - Token value: 
2024-09-23 01:26:36,156 - __main__ - INFO - Token value: 
2024-09-30 01:37:21,239 - __main__ - INFO - Token value: 
2024-10-07 01:37:10,294 - __main__ - INFO - Token value: 
2024-10-14 01:36:53,643 - __main__ - INFO - Token value: 
2024-10-21 01:37:05,313 - __main__ - INFO - Token value: 
2024-10-28 01:38:47,563 - __main__ - INFO - Token value: 
2024-11-04 01:37:24,267 - __main__ - INFO - Token value: 
2024-11-11 01:36:12,286 - __main__ - INFO - Token value: 
2024-11-18 01:41:45,716 - __main__ - INFO - Token value: 
2024-11-25 01:41:32,967 - __main__ - INFO - Token value: 
2024-12-02 01:45:00,399 - __main__ - INFO - Token value: 
2024-12-09 01:46:38,206 - __main__ - INFO - Token value: 
2024-12-16 01:46:40,787 - __main__ - INFO - Token value: 
2024-12-23 01:36:40,511 - __main__ - INFO - Token value: 
2024-12-30 01:37:22,848 - __main__ - INFO - Token value: 
2025-01-06 01:39:13,211 - __main__ - INFO - Token value: 
2025-01-13 01:40:01,948 - __main__ - INFO - Token value: 
2025-01-20 01:26:25,923 - __main__ - INFO - Token value: 
2025-01-27 01:26:39,645 - __main__ - INFO - Token value: 
2025-02-03 01:26:22,818 - __main__ - INFO - Token value: 
2025-02-10 01:35:38,002 - __main__ - INFO - Token value: 
2025-02-17 01:37:43,402 - __main__ - INFO - Token value: 
2025-02-24 01:38:10,738 - __main__ - INFO - Token value: 
2025-03-03 01:40:18,048 - __main__ - INFO - Token value: 
2025-03-10 01:16:59,420 - __main__ - INFO - Token value: 
2025-03-17 01:42:50,706 - __main__ - INFO - Token value: 
2025-03-24 01:44:33,804 - __main__ - INFO - Token value: 
2025-03-31 01:47:05,600 - __main__ - INFO - Token value: 
2025-04-07 01:45:25,948 - __main__ - INFO - Token value: 
2025-04-14 01:47:15,273 - __main__ - INFO - Token value: 
2025-04-21 01:49:29,436 - __main__ - INFO - Token value: 
2025-04-28 01:49:10,323 - __main__ - INFO - Token value: 
2025-05-05 01:51:25,121 - __main__ - INFO - Token value: 
2025-05-12 01:52:36,467 - __main__ - INFO - Token value: 
2025-05-19 01:54:38,563 - __main__ - INFO - Token value: 
2025-05-26 01:53:14,490 - __main__ - INFO - Token value: 
2025-06-02 01:55:41,416 - __main__ - INFO - Token value: 
2025-06-09 01:57:42,703 - __main__ - INFO - Token value: 
2025-06-16 01:56:37,198 - __main__ - INFO - Token value: 
2025-06-23 02:00:22,534 - __main__ - INFO - Token value: 
2025-06-30 01:59:12,815 - __main__ - INFO - Token value: 
2025-07-07 01:59:44,101 - __main__ - INFO - Token value: 
2025-07-14 02:03:22,764 - __main__ - INFO - Token value: 
